###############################################################
#
#	  Server Turn On    05-09 10:35:14.455
#
###############################################################

05-09 10:35:16.417 INFO  ;nioEventLoopGroup-2-1	Started Tcp Client: RemoteWGHost=192.168.92.196 RemoteWGPort=8000
05-09 10:35:16.417 INFO  ;nioEventLoopGroup-2-1	Started Paramdownload ......
05-09 10:35:16.539 INFO  ;nioEventLoopGroup-2-1	Started HeartBeat ......
05-09 10:35:16.540 INFO  ;nioEventLoopGroup-2-1	Started AlarmTask ......
05-09 10:35:16.558 INFO  ;nioEventLoopGroup-2-1	Started StatusTask ......
05-09 10:35:16.592 INFO  ;nioEventLoopGroup-2-1	>>checkSum:ffffffa8<>ffffffa8
05-09 10:35:16.593 INFO  ;nioEventLoopGroup-2-1	ParamDownload response >>24 24 00 16 04 02 57 2F F6 2E 57 2F F7 64 11 01 00 00 03 E8 08 A8 
05-09 10:35:16.614 INFO  ;nioEventLoopGroup-2-1	>>checkSum:4b<>4b
05-09 10:35:16.614 INFO  ;nioEventLoopGroup-2-1	Heartbeat response >>24 24 00 11 03 02 57 2F F6 2E 57 2F F7 64 11 01 4B 
05-09 10:35:16.615 INFO  ;nioEventLoopGroup-2-1	Started HeartBeatTask ......
05-09 10:35:16.992 INFO  ;nioEventLoopGroup-2-1	>>checkSum:4b<>4b
05-09 10:35:16.993 INFO  ;nioEventLoopGroup-2-1	Heartbeat response >>24 24 00 11 03 02 57 2F F6 2E 57 2F F7 64 11 01 4B 
05-09 10:35:16.993 INFO  ;nioEventLoopGroup-2-1	Started HeartBeatTask ......
05-09 10:35:46.945 INFO  ;nioEventLoopGroup-2-1	>>checkSum:29<>29
05-09 10:35:46.945 INFO  ;nioEventLoopGroup-2-1	Heartbeat response >>24 24 00 11 03 02 57 2F F6 4C 57 2F F7 64 11 01 29 
05-09 10:35:46.945 INFO  ;nioEventLoopGroup-2-1	Started HeartBeatTask ......
05-09 10:36:16.839 INFO  ;nioEventLoopGroup-2-1	>>checkSum:f<>f
05-09 10:36:16.839 INFO  ;nioEventLoopGroup-2-1	Heartbeat response >>24 24 00 11 03 02 57 2F F6 6A 57 2F F7 64 11 01 0F 
05-09 10:36:16.840 INFO  ;nioEventLoopGroup-2-1	Started HeartBeatTask ......
05-09 10:36:46.848 INFO  ;nioEventLoopGroup-2-1	>>checkSum:ffffffed<>ffffffed
05-09 10:36:46.848 INFO  ;nioEventLoopGroup-2-1	Heartbeat response >>24 24 00 11 03 02 57 2F F6 88 57 2F F7 64 11 01 ED 
05-09 10:36:46.848 INFO  ;nioEventLoopGroup-2-1	Started HeartBeatTask ......
05-09 10:37:16.886 INFO  ;nioEventLoopGroup-2-1	>>checkSum:ffffffc3<>ffffffc3
05-09 10:37:16.886 INFO  ;nioEventLoopGroup-2-1	Heartbeat response >>24 24 00 11 03 02 57 2F F6 A6 57 2F F7 64 11 01 C3 
05-09 10:37:16.886 INFO  ;nioEventLoopGroup-2-1	Started HeartBeatTask ......
05-09 10:37:46.842 INFO  ;nioEventLoopGroup-2-1	>>checkSum:ffffffa1<>ffffffa1
05-09 10:37:46.843 INFO  ;nioEventLoopGroup-2-1	Heartbeat response >>24 24 00 11 03 02 57 2F F6 C4 57 2F F7 64 11 01 A1 
05-09 10:37:46.843 INFO  ;nioEventLoopGroup-2-1	Started HeartBeatTask ......
05-09 10:38:16.898 INFO  ;nioEventLoopGroup-2-1	>>checkSum:ffffff87<>ffffff87
05-09 10:38:16.899 INFO  ;nioEventLoopGroup-2-1	Heartbeat response >>24 24 00 11 03 02 57 2F F6 E2 57 2F F7 64 11 01 87 
05-09 10:38:16.899 INFO  ;nioEventLoopGroup-2-1	Started HeartBeatTask ......
05-09 10:38:46.955 INFO  ;nioEventLoopGroup-2-1	>>checkSum:64<>64
05-09 10:38:46.956 INFO  ;nioEventLoopGroup-2-1	Heartbeat response >>24 24 00 11 03 02 57 2F F7 00 57 2F F7 64 11 01 64 
05-09 10:38:46.956 INFO  ;nioEventLoopGroup-2-1	Started HeartBeatTask ......
05-09 10:39:16.898 INFO  ;nioEventLoopGroup-2-1	>>checkSum:7a<>7a
05-09 10:39:16.898 INFO  ;nioEventLoopGroup-2-1	Heartbeat response >>24 24 00 11 03 02 57 2F F7 1E 57 2F F7 64 11 01 7A 
05-09 10:39:16.898 INFO  ;nioEventLoopGroup-2-1	Started HeartBeatTask ......
05-09 10:39:46.835 INFO  ;nioEventLoopGroup-2-1	>>checkSum:58<>58
05-09 10:39:46.836 INFO  ;nioEventLoopGroup-2-1	Heartbeat response >>24 24 00 11 03 02 57 2F F7 3C 57 2F F7 64 11 01 58 
05-09 10:39:46.836 INFO  ;nioEventLoopGroup-2-1	Started HeartBeatTask ......
05-09 10:40:16.935 INFO  ;nioEventLoopGroup-2-1	>>checkSum:3e<>3e
05-09 10:40:16.936 INFO  ;nioEventLoopGroup-2-1	Heartbeat response >>24 24 00 11 03 02 57 2F F7 5A 57 2F F7 64 11 01 3E 
05-09 10:40:16.936 INFO  ;nioEventLoopGroup-2-1	Started HeartBeatTask ......
05-09 10:40:46.882 INFO  ;nioEventLoopGroup-2-1	>>checkSum:1c<>1c
05-09 10:40:46.882 INFO  ;nioEventLoopGroup-2-1	Heartbeat response >>24 24 00 11 03 02 57 2F F7 78 57 2F F7 64 11 01 1C 
05-09 10:40:46.882 INFO  ;nioEventLoopGroup-2-1	Started HeartBeatTask ......
05-09 10:41:16.926 INFO  ;nioEventLoopGroup-2-1	>>checkSum:fffffff2<>fffffff2
05-09 10:41:16.927 INFO  ;nioEventLoopGroup-2-1	Heartbeat response >>24 24 00 11 03 02 57 2F F7 96 57 2F F7 64 11 01 F2 
05-09 10:41:16.927 INFO  ;nioEventLoopGroup-2-1	Started HeartBeatTask ......
05-09 10:41:46.784 INFO  ;nioEventLoopGroup-2-1	>>checkSum:ffffffd0<>ffffffd0
05-09 10:41:46.784 INFO  ;nioEventLoopGroup-2-1	Heartbeat response >>24 24 00 11 03 02 57 2F F7 B4 57 2F F7 64 11 01 D0 
05-09 10:41:46.784 INFO  ;nioEventLoopGroup-2-1	Started HeartBeatTask ......
05-09 10:42:16.863 INFO  ;nioEventLoopGroup-2-1	>>checkSum:ffffffb6<>ffffffb6
05-09 10:42:16.863 INFO  ;nioEventLoopGroup-2-1	Heartbeat response >>24 24 00 11 03 02 57 2F F7 D2 57 2F F7 64 11 01 B6 
05-09 10:42:16.863 INFO  ;nioEventLoopGroup-2-1	Started HeartBeatTask ......
05-09 10:42:46.897 INFO  ;nioEventLoopGroup-2-1	>>checkSum:ffffff94<>ffffff94
05-09 10:42:46.898 INFO  ;nioEventLoopGroup-2-1	Heartbeat response >>24 24 00 11 03 02 57 2F F7 F0 57 2F F7 64 11 01 94 
05-09 10:42:46.898 INFO  ;nioEventLoopGroup-2-1	Started HeartBeatTask ......
05-09 10:43:16.976 INFO  ;nioEventLoopGroup-2-1	>>checkSum:65<>65
05-09 10:43:16.976 INFO  ;nioEventLoopGroup-2-1	Heartbeat response >>24 24 00 11 03 02 57 2F F8 0E 57 2F F7 64 11 01 65 
05-09 10:43:16.976 INFO  ;nioEventLoopGroup-2-1	Started HeartBeatTask ......
05-09 10:43:46.944 INFO  ;nioEventLoopGroup-2-1	>>checkSum:47<>47
05-09 10:43:46.944 INFO  ;nioEventLoopGroup-2-1	Heartbeat response >>24 24 00 11 03 02 57 2F F8 2C 57 2F F7 64 11 01 47 
05-09 10:43:46.944 INFO  ;nioEventLoopGroup-2-1	Started HeartBeatTask ......
05-09 10:44:16.934 INFO  ;nioEventLoopGroup-2-1	>>checkSum:21<>21
05-09 10:44:16.934 INFO  ;nioEventLoopGroup-2-1	Heartbeat response >>24 24 00 11 03 02 57 2F F8 4A 57 2F F7 64 11 01 21 
05-09 10:44:16.934 INFO  ;nioEventLoopGroup-2-1	Started HeartBeatTask ......
###############################################################
#
#	  Server Turn On    05-09 16:44:14.272
#
###############################################################

05-09 16:44:14.843 INFO  ;nioEventLoopGroup-2-1	Started Tcp Client: RemoteWGHost=192.168.92.196 RemoteWGPort=8000
05-09 16:44:14.843 INFO  ;nioEventLoopGroup-2-1	Started Paramdownload ......
05-09 16:44:14.936 INFO  ;nioEventLoopGroup-2-1	Started HeartBeat ......
05-09 16:44:14.937 INFO  ;nioEventLoopGroup-2-1	Started AlarmTask ......
05-09 16:44:14.938 INFO  ;nioEventLoopGroup-2-1	Started StatusTask ......
###############################################################
#
#	  Server Turn On    05-09 16:44:58.890
#
###############################################################

05-09 16:44:59.248 INFO  ;nioEventLoopGroup-2-1	Started Tcp Client: RemoteWGHost=192.168.92.196 RemoteWGPort=8000
05-09 16:44:59.249 INFO  ;nioEventLoopGroup-2-1	Started Paramdownload ......
05-09 16:44:59.250 INFO  ;nioEventLoopGroup-3-1	Started Tcp Client: DeviceHost=127.0.0.1 DevicePort=8001
05-09 16:44:59.392 INFO  ;nioEventLoopGroup-2-1	Started HeartBeat ......
05-09 16:44:59.393 INFO  ;nioEventLoopGroup-2-1	Started AlarmTask ......
05-09 16:44:59.394 INFO  ;nioEventLoopGroup-2-1	Started StatusTask ......
05-09 16:44:59.400 INFO  ;nioEventLoopGroup-2-1	>>checkSum:3d<>3d
05-09 16:44:59.401 INFO  ;nioEventLoopGroup-2-1	ParamDownload response >>24 24 00 16 04 02 57 30 4C D7 57 30 4E 0B 11 01 00 00 03 E8 08 3D 
05-09 16:44:59.434 INFO  ;nioEventLoopGroup-2-1	>>checkSum:ffffffde<>ffffffde
05-09 16:44:59.435 INFO  ;nioEventLoopGroup-2-1	Heartbeat response >>24 24 00 11 03 02 57 30 4C D7 57 30 4E 0B 11 01 DE 
05-09 16:44:59.435 INFO  ;nioEventLoopGroup-2-1	Started HeartBeatTask ......
05-09 16:45:00.519 INFO  ;nioEventLoopGroup-2-1	>>checkSum:ffffffd1<>ffffffd1
05-09 16:45:00.519 INFO  ;nioEventLoopGroup-2-1	Heartbeat response >>24 24 00 11 03 02 57 30 4C D8 57 30 4E 0B 11 01 D1 
05-09 16:45:00.520 INFO  ;nioEventLoopGroup-2-1	Started HeartBeatTask ......
05-09 16:45:29.669 INFO  ;nioEventLoopGroup-2-1	>>checkSum:ffffffff<>ffffffff
05-09 16:45:29.669 INFO  ;nioEventLoopGroup-2-1	Heartbeat response >>24 24 00 11 03 02 57 30 4C F6 57 30 4E 0B 11 01 FF 
05-09 16:45:29.670 INFO  ;nioEventLoopGroup-2-1	Started HeartBeatTask ......
05-09 16:45:59.735 INFO  ;nioEventLoopGroup-2-1	>>checkSum:1c<>1c
05-09 16:45:59.736 INFO  ;nioEventLoopGroup-2-1	Heartbeat response >>24 24 00 11 03 02 57 30 4D 14 57 30 4E 0B 11 01 1C 
05-09 16:45:59.736 INFO  ;nioEventLoopGroup-2-1	Started HeartBeatTask ......
05-09 16:46:29.737 INFO  ;nioEventLoopGroup-2-1	>>checkSum:3a<>3a
05-09 16:46:29.737 INFO  ;nioEventLoopGroup-2-1	Heartbeat response >>24 24 00 11 03 02 57 30 4D 32 57 30 4E 0B 11 01 3A 
05-09 16:46:29.738 INFO  ;nioEventLoopGroup-2-1	Started HeartBeatTask ......
