###############################################################
#
#	  Server Turn On    05-06 17:26:38.171
#
###############################################################

05-06 17:26:38.691 INFO  ;nioEventLoopGroup-2-1	Started Tcp Client: RemoteWGHost=192.168.92.196 RemoteWGPort=8000
05-06 17:26:38.692 INFO  ;nioEventLoopGroup-2-1	Started Paramdownload ......
05-06 17:26:38.790 INFO  ;nioEventLoopGroup-2-1	Started HeartBeat ......
05-06 17:26:38.791 INFO  ;nioEventLoopGroup-2-1	Started AlarmTask ......
05-06 17:26:38.806 INFO  ;nioEventLoopGroup-2-1	>>checkSum:ffffffb6<>ffffffb6
05-06 17:26:38.807 INFO  ;nioEventLoopGroup-2-1	ParamDownload response >>24 24 00 16 04 02 57 2C 62 1A 57 2C 63 4E 11 01 00 00 03 E8 08 B6 
05-06 17:26:38.820 INFO  ;nioEventLoopGroup-2-1	>>checkSum:55<>55
05-06 17:26:38.821 INFO  ;nioEventLoopGroup-2-1	Heartbeat response >>24 24 00 11 03 02 57 2C 62 1A 57 2C 63 4E 11 01 55 
05-06 17:26:38.821 INFO  ;nioEventLoopGroup-2-1	Started HeartBeatTask ......
05-06 17:26:39.177 INFO  ;nioEventLoopGroup-2-1	>>checkSum:55<>55
05-06 17:26:39.177 INFO  ;nioEventLoopGroup-2-1	Heartbeat response >>24 24 00 11 03 02 57 2C 62 1A 57 2C 63 4E 11 01 55 
05-06 17:26:39.177 INFO  ;nioEventLoopGroup-2-1	Started HeartBeatTask ......
05-06 17:27:09.054 INFO  ;nioEventLoopGroup-2-1	>>checkSum:77<>77
05-06 17:27:09.054 INFO  ;nioEventLoopGroup-2-1	Heartbeat response >>24 24 00 11 03 02 57 2C 62 38 57 2C 63 4E 11 01 77 
05-06 17:27:09.055 INFO  ;nioEventLoopGroup-2-1	Started HeartBeatTask ......
05-06 17:27:38.825 INFO  ;nioEventLoopGroup-2-1	>>checkSum:19<>19
05-06 17:27:38.825 INFO  ;nioEventLoopGroup-2-1	Heartbeat response >>24 24 00 11 03 02 57 2C 62 56 57 2C 63 4E 11 01 19 
05-06 17:27:38.826 INFO  ;nioEventLoopGroup-2-1	Started HeartBeatTask ......
###############################################################
#
#	  Server Turn On    05-06 17:28:01.880
#
###############################################################

05-06 17:28:02.201 INFO  ;nioEventLoopGroup-2-1	Started Tcp Client: RemoteWGHost=192.168.92.196 RemoteWGPort=8000
05-06 17:28:02.201 INFO  ;nioEventLoopGroup-2-1	Started Paramdownload ......
05-06 17:28:02.286 INFO  ;nioEventLoopGroup-2-1	Started HeartBeat ......
05-06 17:28:02.287 INFO  ;nioEventLoopGroup-2-1	Started AlarmTask ......
05-06 17:28:02.304 INFO  ;nioEventLoopGroup-2-1	>>checkSum:1f<>1f
05-06 17:28:02.305 INFO  ;nioEventLoopGroup-2-1	ParamDownload response >>24 24 00 16 04 02 57 2C 62 6D 57 2C 63 A2 11 01 00 00 05 DC 08 1F 
05-06 17:28:02.333 INFO  ;nioEventLoopGroup-2-1	>>checkSum:ffffffce<>ffffffce
05-06 17:28:02.334 INFO  ;nioEventLoopGroup-2-1	Heartbeat response >>24 24 00 11 03 02 57 2C 62 6D 57 2C 63 A2 11 01 CE 
05-06 17:28:02.334 INFO  ;nioEventLoopGroup-2-1	Started HeartBeatTask ......
05-06 17:28:03.399 INFO  ;nioEventLoopGroup-2-1	>>checkSum:ffffffcd<>ffffffcd
05-06 17:28:03.400 INFO  ;nioEventLoopGroup-2-1	Heartbeat response >>24 24 00 11 03 02 57 2C 62 6E 57 2C 63 A2 11 01 CD 
05-06 17:28:03.400 INFO  ;nioEventLoopGroup-2-1	Started HeartBeatTask ......
###############################################################
#
#	  Server Turn On    05-06 17:29:27.036
#
###############################################################

05-06 17:29:27.466 INFO  ;nioEventLoopGroup-2-1	Started Tcp Client: RemoteWGHost=192.168.92.196 RemoteWGPort=8000
05-06 17:29:27.467 INFO  ;nioEventLoopGroup-2-1	Started Paramdownload ......
05-06 17:29:27.545 INFO  ;nioEventLoopGroup-2-1	Started HeartBeat ......
05-06 17:29:27.546 INFO  ;nioEventLoopGroup-2-1	Started AlarmTask ......
05-06 17:29:27.562 INFO  ;nioEventLoopGroup-2-1	>>checkSum:ffffffe4<>ffffffe4
05-06 17:29:27.563 INFO  ;nioEventLoopGroup-2-1	ParamDownload response >>24 24 00 16 04 02 57 2C 62 C3 57 2C 63 F7 11 01 00 00 05 DC 08 E4 
05-06 17:29:27.584 INFO  ;nioEventLoopGroup-2-1	>>checkSum:35<>35
05-06 17:29:27.585 INFO  ;nioEventLoopGroup-2-1	Heartbeat response >>24 24 00 11 03 02 57 2C 62 C3 57 2C 63 F7 11 01 35 
05-06 17:29:27.585 INFO  ;nioEventLoopGroup-2-1	Started HeartBeatTask ......
05-06 17:29:27.817 INFO  ;nioEventLoopGroup-2-1	>>checkSum:35<>35
05-06 17:29:27.818 INFO  ;nioEventLoopGroup-2-1	Heartbeat response >>24 24 00 11 03 02 57 2C 62 C3 57 2C 63 F7 11 01 35 
05-06 17:29:27.818 INFO  ;nioEventLoopGroup-2-1	Started HeartBeatTask ......
05-06 17:29:57.587 INFO  ;nioEventLoopGroup-2-1	>>checkSum:17<>17
05-06 17:29:57.588 INFO  ;nioEventLoopGroup-2-1	Heartbeat response >>24 24 00 11 03 02 57 2C 62 E1 57 2C 63 F7 11 01 17 
05-06 17:29:57.588 INFO  ;nioEventLoopGroup-2-1	Started HeartBeatTask ......
###############################################################
#
#	  Server Turn On    05-06 17:31:17.898
#
###############################################################

05-06 17:31:18.240 INFO  ;nioEventLoopGroup-2-1	Started Tcp Client: RemoteWGHost=192.168.92.196 RemoteWGPort=8000
05-06 17:31:18.240 INFO  ;nioEventLoopGroup-2-1	Started Paramdownload ......
05-06 17:31:18.318 INFO  ;nioEventLoopGroup-2-1	Started HeartBeat ......
05-06 17:31:18.319 INFO  ;nioEventLoopGroup-2-1	Started AlarmTask ......
05-06 17:31:18.333 INFO  ;nioEventLoopGroup-2-1	>>checkSum:ffffff81<>ffffff81
05-06 17:31:18.334 INFO  ;nioEventLoopGroup-2-1	ParamDownload response >>24 24 00 16 04 02 57 2C 63 31 57 2C 64 66 11 01 00 00 05 DC 08 81 
05-06 17:31:18.357 INFO  ;nioEventLoopGroup-2-1	>>checkSum:50<>50
05-06 17:31:18.357 INFO  ;nioEventLoopGroup-2-1	Heartbeat response >>24 24 00 11 03 02 57 2C 63 31 57 2C 64 66 11 01 50 
05-06 17:31:18.357 INFO  ;nioEventLoopGroup-2-1	Started HeartBeatTask ......
05-06 17:31:18.601 INFO  ;nioEventLoopGroup-2-1	>>checkSum:53<>53
05-06 17:31:18.601 INFO  ;nioEventLoopGroup-2-1	Heartbeat response >>24 24 00 11 03 02 57 2C 63 32 57 2C 64 66 11 01 53 
05-06 17:31:18.602 INFO  ;nioEventLoopGroup-2-1	Started HeartBeatTask ......
05-06 17:31:48.359 INFO  ;nioEventLoopGroup-2-1	>>checkSum:2e<>2e
05-06 17:31:48.360 INFO  ;nioEventLoopGroup-2-1	Heartbeat response >>24 24 00 11 03 02 57 2C 63 4F 57 2C 64 66 11 01 2E 
05-06 17:31:48.360 INFO  ;nioEventLoopGroup-2-1	Started HeartBeatTask ......
###############################################################
#
#	  Server Turn On    05-06 17:32:17.887
#
###############################################################

05-06 17:32:18.221 INFO  ;nioEventLoopGroup-2-1	Started Tcp Client: RemoteWGHost=192.168.92.196 RemoteWGPort=8000
05-06 17:32:18.222 INFO  ;nioEventLoopGroup-2-1	Started Paramdownload ......
05-06 17:32:18.294 INFO  ;nioEventLoopGroup-2-1	Started HeartBeat ......
05-06 17:32:18.295 INFO  ;nioEventLoopGroup-2-1	Started AlarmTask ......
05-06 17:32:18.314 INFO  ;nioEventLoopGroup-2-1	>>checkSum:19<>19
05-06 17:32:18.315 INFO  ;nioEventLoopGroup-2-1	ParamDownload response >>24 24 00 16 04 02 57 2C 63 6D 57 2C 64 A2 11 01 00 00 05 DC 08 19 
05-06 17:32:18.347 INFO  ;nioEventLoopGroup-2-1	>>checkSum:ffffffc8<>ffffffc8
05-06 17:32:18.348 INFO  ;nioEventLoopGroup-2-1	Heartbeat response >>24 24 00 11 03 02 57 2C 63 6D 57 2C 64 A2 11 01 C8 
05-06 17:32:18.348 INFO  ;nioEventLoopGroup-2-1	Started HeartBeatTask ......
05-06 17:32:18.635 INFO  ;nioEventLoopGroup-2-1	>>checkSum:ffffffcb<>ffffffcb
05-06 17:32:18.636 INFO  ;nioEventLoopGroup-2-1	Heartbeat response >>24 24 00 11 03 02 57 2C 63 6E 57 2C 64 A2 11 01 CB 
05-06 17:32:18.636 INFO  ;nioEventLoopGroup-2-1	Started HeartBeatTask ......
05-06 17:32:48.350 INFO  ;nioEventLoopGroup-2-1	>>checkSum:2e<>2e
05-06 17:32:48.350 INFO  ;nioEventLoopGroup-2-1	Heartbeat response >>24 24 00 11 03 02 57 2C 63 8B 57 2C 64 A2 11 01 2E 
05-06 17:32:48.351 INFO  ;nioEventLoopGroup-2-1	Started HeartBeatTask ......
05-06 17:33:18.386 INFO  ;nioEventLoopGroup-2-1	>>checkSum:c<>c
05-06 17:33:18.387 INFO  ;nioEventLoopGroup-2-1	Heartbeat response >>24 24 00 11 03 02 57 2C 63 A9 57 2C 64 A2 11 01 0C 
05-06 17:33:18.387 INFO  ;nioEventLoopGroup-2-1	Started HeartBeatTask ......
###############################################################
#
#	  Server Turn On    05-06 17:33:46.476
#
###############################################################

05-06 17:33:46.837 INFO  ;nioEventLoopGroup-2-1	Started Tcp Client: RemoteWGHost=192.168.92.196 RemoteWGPort=8000
05-06 17:33:46.838 INFO  ;nioEventLoopGroup-2-1	Started Paramdownload ......
05-06 17:33:46.929 INFO  ;nioEventLoopGroup-2-1	Started HeartBeat ......
05-06 17:33:46.930 INFO  ;nioEventLoopGroup-2-1	Started AlarmTask ......
05-06 17:33:46.931 INFO  ;nioEventLoopGroup-2-1	Started StatusTask ......
05-06 17:33:47.018 INFO  ;nioEventLoopGroup-2-1	>>checkSum:ffffffea<>ffffffea
05-06 17:33:47.020 INFO  ;nioEventLoopGroup-2-1	ParamDownload response >>24 24 00 16 04 02 57 2C 63 C6 57 2C 64 FA 11 01 00 00 05 DC 08 EA 
05-06 17:33:47.026 INFO  ;nioEventLoopGroup-2-1	>>checkSum:3b<>3b
05-06 17:33:47.027 INFO  ;nioEventLoopGroup-2-1	Heartbeat response >>24 24 00 11 03 02 57 2C 63 C6 57 2C 64 FA 11 01 3B 
05-06 17:33:47.027 INFO  ;nioEventLoopGroup-2-1	Started HeartBeatTask ......
05-06 17:33:47.220 INFO  ;nioEventLoopGroup-2-1	>>checkSum:3a<>3a
05-06 17:33:47.220 INFO  ;nioEventLoopGroup-2-1	Heartbeat response >>24 24 00 11 03 02 57 2C 63 C6 57 2C 64 FB 11 01 3A 
05-06 17:33:47.221 INFO  ;nioEventLoopGroup-2-1	Started HeartBeatTask ......
###############################################################
#
#	  Server Turn On    05-06 17:36:58.943
#
###############################################################

05-06 17:36:59.251 INFO  ;nioEventLoopGroup-2-1	Started Tcp Client: RemoteWGHost=192.168.92.196 RemoteWGPort=8000
05-06 17:36:59.252 INFO  ;nioEventLoopGroup-2-1	Started Paramdownload ......
05-06 17:36:59.324 INFO  ;nioEventLoopGroup-2-1	Started HeartBeat ......
05-06 17:36:59.325 INFO  ;nioEventLoopGroup-2-1	Started AlarmTask ......
05-06 17:36:59.326 INFO  ;nioEventLoopGroup-2-1	Started StatusTask ......
05-06 17:36:59.349 INFO  ;nioEventLoopGroup-2-1	>>checkSum:ffffffed<>ffffffed
05-06 17:36:59.351 INFO  ;nioEventLoopGroup-2-1	ParamDownload response >>24 24 00 16 04 02 57 2C 64 86 57 2C 65 BB 11 01 00 00 05 DC 08 ED 
05-06 17:36:59.373 INFO  ;nioEventLoopGroup-2-1	>>checkSum:3c<>3c
05-06 17:36:59.373 INFO  ;nioEventLoopGroup-2-1	Heartbeat response >>24 24 00 11 03 02 57 2C 64 86 57 2C 65 BB 11 01 3C 
05-06 17:36:59.374 INFO  ;nioEventLoopGroup-2-1	Started HeartBeatTask ......
05-06 17:36:59.821 INFO  ;nioEventLoopGroup-2-1	>>checkSum:3d<>3d
05-06 17:36:59.822 INFO  ;nioEventLoopGroup-2-1	Heartbeat response >>24 24 00 11 03 02 57 2C 64 87 57 2C 65 BB 11 01 3D 
05-06 17:36:59.822 INFO  ;nioEventLoopGroup-2-1	Started HeartBeatTask ......
05-06 17:37:29.376 INFO  ;nioEventLoopGroup-2-1	>>checkSum:1e<>1e
05-06 17:37:29.376 INFO  ;nioEventLoopGroup-2-1	Heartbeat response >>24 24 00 11 03 02 57 2C 64 A4 57 2C 65 BB 11 01 1E 
05-06 17:37:29.376 INFO  ;nioEventLoopGroup-2-1	Started HeartBeatTask ......
05-06 17:37:59.376 INFO  ;nioEventLoopGroup-2-1	>>checkSum:78<>78
05-06 17:37:59.376 INFO  ;nioEventLoopGroup-2-1	Heartbeat response >>24 24 00 11 03 02 57 2C 64 C2 57 2C 65 BB 11 01 78 
05-06 17:37:59.377 INFO  ;nioEventLoopGroup-2-1	Started HeartBeatTask ......
05-06 17:38:29.376 INFO  ;nioEventLoopGroup-2-1	>>checkSum:5a<>5a
05-06 17:38:29.376 INFO  ;nioEventLoopGroup-2-1	Heartbeat response >>24 24 00 11 03 02 57 2C 64 E0 57 2C 65 BB 11 01 5A 
05-06 17:38:29.377 INFO  ;nioEventLoopGroup-2-1	Started HeartBeatTask ......
###############################################################
#
#	  Server Turn On    05-06 17:42:24.052
#
###############################################################

05-06 17:42:24.367 INFO  ;nioEventLoopGroup-2-1	Started Tcp Client: RemoteWGHost=192.168.92.196 RemoteWGPort=8000
05-06 17:42:24.367 INFO  ;nioEventLoopGroup-2-1	Started Paramdownload ......
05-06 17:42:24.438 INFO  ;nioEventLoopGroup-2-1	Started HeartBeat ......
05-06 17:42:24.439 INFO  ;nioEventLoopGroup-2-1	Started AlarmTask ......
05-06 17:42:24.440 INFO  ;nioEventLoopGroup-2-1	Started StatusTask ......
05-06 17:42:24.464 INFO  ;nioEventLoopGroup-2-1	>>checkSum:1f<>1f
05-06 17:42:24.466 INFO  ;nioEventLoopGroup-2-1	ParamDownload response >>24 24 00 16 04 02 57 2C 65 CC 57 2C 67 00 11 01 00 00 05 DC 08 1F 
05-06 17:42:24.520 INFO  ;nioEventLoopGroup-2-1	>>checkSum:ffffffce<>ffffffce
05-06 17:42:24.521 INFO  ;nioEventLoopGroup-2-1	Heartbeat response >>24 24 00 11 03 02 57 2C 65 CC 57 2C 67 00 11 01 CE 
05-06 17:42:24.522 INFO  ;nioEventLoopGroup-2-1	Started HeartBeatTask ......
05-06 17:42:24.931 INFO  ;nioEventLoopGroup-2-1	>>checkSum:ffffffce<>ffffffce
05-06 17:42:24.931 INFO  ;nioEventLoopGroup-2-1	Heartbeat response >>24 24 00 11 03 02 57 2C 65 CC 57 2C 67 00 11 01 CE 
05-06 17:42:24.932 INFO  ;nioEventLoopGroup-2-1	Started HeartBeatTask ......
05-06 17:42:54.524 INFO  ;nioEventLoopGroup-2-1	>>checkSum:ffffffe8<>ffffffe8
05-06 17:42:54.525 INFO  ;nioEventLoopGroup-2-1	Heartbeat response >>24 24 00 11 03 02 57 2C 65 EA 57 2C 67 00 11 01 E8 
05-06 17:42:54.525 INFO  ;nioEventLoopGroup-2-1	Started HeartBeatTask ......
05-06 17:43:24.524 INFO  ;nioEventLoopGroup-2-1	>>checkSum:9<>9
05-06 17:43:24.525 INFO  ;nioEventLoopGroup-2-1	Heartbeat response >>24 24 00 11 03 02 57 2C 66 08 57 2C 67 00 11 01 09 
05-06 17:43:24.525 INFO  ;nioEventLoopGroup-2-1	Started HeartBeatTask ......
05-06 17:43:54.524 INFO  ;nioEventLoopGroup-2-1	>>checkSum:27<>27
05-06 17:43:54.524 INFO  ;nioEventLoopGroup-2-1	Heartbeat response >>24 24 00 11 03 02 57 2C 66 26 57 2C 67 00 11 01 27 
05-06 17:43:54.525 INFO  ;nioEventLoopGroup-2-1	Started HeartBeatTask ......
###############################################################
#
#	  Server Turn On    05-06 17:44:46.867
#
###############################################################

05-06 17:44:47.208 INFO  ;nioEventLoopGroup-2-1	Started Tcp Client: RemoteWGHost=192.168.92.196 RemoteWGPort=8000
05-06 17:44:47.208 INFO  ;nioEventLoopGroup-2-1	Started Paramdownload ......
05-06 17:44:47.291 INFO  ;nioEventLoopGroup-2-1	Started HeartBeat ......
05-06 17:44:47.291 INFO  ;nioEventLoopGroup-2-1	Started AlarmTask ......
05-06 17:44:47.292 INFO  ;nioEventLoopGroup-2-1	Started StatusTask ......
05-06 17:44:47.322 INFO  ;nioEventLoopGroup-2-1	>>checkSum:5<>5
05-06 17:44:47.323 INFO  ;nioEventLoopGroup-2-1	ParamDownload response >>24 24 00 16 04 02 57 2C 66 5A 57 2C 67 8F 11 01 00 00 05 DC 08 05 
05-06 17:44:47.335 INFO  ;nioEventLoopGroup-2-1	>>checkSum:ffffffd4<>ffffffd4
05-06 17:44:47.336 INFO  ;nioEventLoopGroup-2-1	Heartbeat response >>24 24 00 11 03 02 57 2C 66 5A 57 2C 67 8F 11 01 D4 
05-06 17:44:47.336 INFO  ;nioEventLoopGroup-2-1	Started HeartBeatTask ......
05-06 17:44:47.868 INFO  ;nioEventLoopGroup-2-1	>>checkSum:ffffffd5<>ffffffd5
05-06 17:44:47.869 INFO  ;nioEventLoopGroup-2-1	Heartbeat response >>24 24 00 11 03 02 57 2C 66 5B 57 2C 67 8F 11 01 D5 
05-06 17:44:47.869 INFO  ;nioEventLoopGroup-2-1	Started HeartBeatTask ......
05-06 17:45:17.339 INFO  ;nioEventLoopGroup-2-1	>>checkSum:fffffff6<>fffffff6
05-06 17:45:17.340 INFO  ;nioEventLoopGroup-2-1	Heartbeat response >>24 24 00 11 03 02 57 2C 66 78 57 2C 67 8F 11 01 F6 
05-06 17:45:17.340 INFO  ;nioEventLoopGroup-2-1	Started HeartBeatTask ......
05-06 17:45:47.338 INFO  ;nioEventLoopGroup-2-1	>>checkSum:18<>18
05-06 17:45:47.339 INFO  ;nioEventLoopGroup-2-1	Heartbeat response >>24 24 00 11 03 02 57 2C 66 96 57 2C 67 8F 11 01 18 
05-06 17:45:47.339 INFO  ;nioEventLoopGroup-2-1	Started HeartBeatTask ......
05-06 17:46:17.338 INFO  ;nioEventLoopGroup-2-1	>>checkSum:3a<>3a
05-06 17:46:17.339 INFO  ;nioEventLoopGroup-2-1	Heartbeat response >>24 24 00 11 03 02 57 2C 66 B4 57 2C 67 8F 11 01 3A 
05-06 17:46:17.339 INFO  ;nioEventLoopGroup-2-1	Started HeartBeatTask ......
05-06 17:46:47.339 INFO  ;nioEventLoopGroup-2-1	>>checkSum:5c<>5c
05-06 17:46:47.340 INFO  ;nioEventLoopGroup-2-1	Heartbeat response >>24 24 00 11 03 02 57 2C 66 D2 57 2C 67 8F 11 01 5C 
05-06 17:46:47.340 INFO  ;nioEventLoopGroup-2-1	Started HeartBeatTask ......
05-06 17:47:17.339 INFO  ;nioEventLoopGroup-2-1	>>checkSum:7e<>7e
05-06 17:47:17.340 INFO  ;nioEventLoopGroup-2-1	Heartbeat response >>24 24 00 11 03 02 57 2C 66 F0 57 2C 67 8F 11 01 7E 
05-06 17:47:17.340 INFO  ;nioEventLoopGroup-2-1	Started HeartBeatTask ......
05-06 17:47:47.339 INFO  ;nioEventLoopGroup-2-1	>>checkSum:ffffff81<>ffffff81
05-06 17:47:47.339 INFO  ;nioEventLoopGroup-2-1	Heartbeat response >>24 24 00 11 03 02 57 2C 67 0E 57 2C 67 8F 11 01 81 
05-06 17:47:47.339 INFO  ;nioEventLoopGroup-2-1	Started HeartBeatTask ......
05-06 17:48:17.340 INFO  ;nioEventLoopGroup-2-1	>>checkSum:ffffffa3<>ffffffa3
05-06 17:48:17.341 INFO  ;nioEventLoopGroup-2-1	Heartbeat response >>24 24 00 11 03 02 57 2C 67 2C 57 2C 67 8F 11 01 A3 
05-06 17:48:17.341 INFO  ;nioEventLoopGroup-2-1	Started HeartBeatTask ......
05-06 17:48:47.340 INFO  ;nioEventLoopGroup-2-1	>>checkSum:ffffffc5<>ffffffc5
05-06 17:48:47.341 INFO  ;nioEventLoopGroup-2-1	Heartbeat response >>24 24 00 11 03 02 57 2C 67 4A 57 2C 67 8F 11 01 C5 
05-06 17:48:47.341 INFO  ;nioEventLoopGroup-2-1	Started HeartBeatTask ......
###############################################################
#
#	  Server Turn On    05-06 17:49:16.972
#
###############################################################

05-06 17:49:17.320 INFO  ;nioEventLoopGroup-2-1	Started Tcp Client: RemoteWGHost=192.168.92.196 RemoteWGPort=8000
05-06 17:49:17.321 INFO  ;nioEventLoopGroup-2-1	Started Paramdownload ......
05-06 17:49:17.401 INFO  ;nioEventLoopGroup-2-1	Started HeartBeat ......
05-06 17:49:17.402 INFO  ;nioEventLoopGroup-2-1	Started AlarmTask ......
05-06 17:49:17.402 INFO  ;nioEventLoopGroup-2-1	Started StatusTask ......
05-06 17:49:17.446 INFO  ;nioEventLoopGroup-2-1	>>checkSum:2a<>2a
05-06 17:49:17.447 INFO  ;nioEventLoopGroup-2-1	ParamDownload response >>24 24 00 16 04 02 57 2C 67 69 57 2C 68 9D 11 01 00 00 05 DC 08 2A 
05-06 17:49:17.449 INFO  ;nioEventLoopGroup-2-1	>>checkSum:fffffffb<>fffffffb
05-06 17:49:17.450 INFO  ;nioEventLoopGroup-2-1	Heartbeat response >>24 24 00 11 03 02 57 2C 67 69 57 2C 68 9D 11 01 FB 
05-06 17:49:17.450 INFO  ;nioEventLoopGroup-2-1	Started HeartBeatTask ......
05-06 17:49:17.475 INFO  ;nioEventLoopGroup-2-1	>>checkSum:fffffffb<>fffffffb
05-06 17:49:17.476 INFO  ;nioEventLoopGroup-2-1	Heartbeat response >>24 24 00 11 03 02 57 2C 67 69 57 2C 68 9D 11 01 FB 
05-06 17:49:17.476 INFO  ;nioEventLoopGroup-2-1	Started HeartBeatTask ......
05-06 17:49:47.452 INFO  ;nioEventLoopGroup-2-1	>>checkSum:15<>15
05-06 17:49:47.453 INFO  ;nioEventLoopGroup-2-1	Heartbeat response >>24 24 00 11 03 02 57 2C 67 87 57 2C 68 9D 11 01 15 
05-06 17:49:47.453 INFO  ;nioEventLoopGroup-2-1	Started HeartBeatTask ......
05-06 17:50:17.452 INFO  ;nioEventLoopGroup-2-1	>>checkSum:37<>37
05-06 17:50:17.452 INFO  ;nioEventLoopGroup-2-1	Heartbeat response >>24 24 00 11 03 02 57 2C 67 A5 57 2C 68 9D 11 01 37 
05-06 17:50:17.453 INFO  ;nioEventLoopGroup-2-1	Started HeartBeatTask ......
05-06 17:50:47.453 INFO  ;nioEventLoopGroup-2-1	>>checkSum:51<>51
05-06 17:50:47.454 INFO  ;nioEventLoopGroup-2-1	Heartbeat response >>24 24 00 11 03 02 57 2C 67 C3 57 2C 68 9D 11 01 51 
05-06 17:50:47.454 INFO  ;nioEventLoopGroup-2-1	Started HeartBeatTask ......
05-06 17:51:17.453 INFO  ;nioEventLoopGroup-2-1	>>checkSum:73<>73
05-06 17:51:17.453 INFO  ;nioEventLoopGroup-2-1	Heartbeat response >>24 24 00 11 03 02 57 2C 67 E1 57 2C 68 9D 11 01 73 
05-06 17:51:17.453 INFO  ;nioEventLoopGroup-2-1	Started HeartBeatTask ......
05-06 17:51:47.453 INFO  ;nioEventLoopGroup-2-1	>>checkSum:6d<>6d
05-06 17:51:47.453 INFO  ;nioEventLoopGroup-2-1	Heartbeat response >>24 24 00 11 03 02 57 2C 67 FF 57 2C 68 9D 11 01 6D 
05-06 17:51:47.454 INFO  ;nioEventLoopGroup-2-1	Started HeartBeatTask ......
05-06 17:52:17.453 INFO  ;nioEventLoopGroup-2-1	>>checkSum:ffffff80<>ffffff80
05-06 17:52:17.453 INFO  ;nioEventLoopGroup-2-1	Heartbeat response >>24 24 00 11 03 02 57 2C 68 1D 57 2C 68 9D 11 01 80 
05-06 17:52:17.454 INFO  ;nioEventLoopGroup-2-1	Started HeartBeatTask ......
05-06 17:52:47.453 INFO  ;nioEventLoopGroup-2-1	>>checkSum:ffffffa6<>ffffffa6
05-06 17:52:47.453 INFO  ;nioEventLoopGroup-2-1	Heartbeat response >>24 24 00 11 03 02 57 2C 68 3B 57 2C 68 9D 11 01 A6 
05-06 17:52:47.454 INFO  ;nioEventLoopGroup-2-1	Started HeartBeatTask ......
05-06 17:53:17.452 INFO  ;nioEventLoopGroup-2-1	>>checkSum:ffffffc4<>ffffffc4
05-06 17:53:17.453 INFO  ;nioEventLoopGroup-2-1	Heartbeat response >>24 24 00 11 03 02 57 2C 68 59 57 2C 68 9D 11 01 C4 
05-06 17:53:17.453 INFO  ;nioEventLoopGroup-2-1	Started HeartBeatTask ......
05-06 17:53:47.453 INFO  ;nioEventLoopGroup-2-1	>>checkSum:ffffffea<>ffffffea
05-06 17:53:47.453 INFO  ;nioEventLoopGroup-2-1	Heartbeat response >>24 24 00 11 03 02 57 2C 68 77 57 2C 68 9D 11 01 EA 
05-06 17:53:47.453 INFO  ;nioEventLoopGroup-2-1	Started HeartBeatTask ......
05-06 17:54:17.453 INFO  ;nioEventLoopGroup-2-1	>>checkSum:8<>8
05-06 17:54:17.453 INFO  ;nioEventLoopGroup-2-1	Heartbeat response >>24 24 00 11 03 02 57 2C 68 95 57 2C 68 9D 11 01 08 
05-06 17:54:17.453 INFO  ;nioEventLoopGroup-2-1	Started HeartBeatTask ......
05-06 17:54:47.453 INFO  ;nioEventLoopGroup-2-1	>>checkSum:2e<>2e
05-06 17:54:47.453 INFO  ;nioEventLoopGroup-2-1	Heartbeat response >>24 24 00 11 03 02 57 2C 68 B3 57 2C 68 9D 11 01 2E 
05-06 17:54:47.454 INFO  ;nioEventLoopGroup-2-1	Started HeartBeatTask ......
05-06 17:55:17.453 INFO  ;nioEventLoopGroup-2-1	>>checkSum:4c<>4c
05-06 17:55:17.453 INFO  ;nioEventLoopGroup-2-1	Heartbeat response >>24 24 00 11 03 02 57 2C 68 D1 57 2C 68 9D 11 01 4C 
05-06 17:55:17.453 INFO  ;nioEventLoopGroup-2-1	Started HeartBeatTask ......
05-06 17:55:47.453 INFO  ;nioEventLoopGroup-2-1	>>checkSum:72<>72
05-06 17:55:47.453 INFO  ;nioEventLoopGroup-2-1	Heartbeat response >>24 24 00 11 03 02 57 2C 68 EF 57 2C 68 9D 11 01 72 
05-06 17:55:47.453 INFO  ;nioEventLoopGroup-2-1	Started HeartBeatTask ......
###############################################################
#
#	  Server Turn On    05-06 17:55:54.955
#
###############################################################

05-06 17:55:55.297 INFO  ;nioEventLoopGroup-2-1	Started Tcp Client: RemoteWGHost=192.168.92.196 RemoteWGPort=8000
05-06 17:55:55.297 INFO  ;nioEventLoopGroup-2-1	Started Paramdownload ......
05-06 17:55:55.370 INFO  ;nioEventLoopGroup-2-1	Started HeartBeat ......
05-06 17:55:55.370 INFO  ;nioEventLoopGroup-2-1	Started AlarmTask ......
05-06 17:55:55.372 INFO  ;nioEventLoopGroup-2-1	Started StatusTask ......
05-06 17:55:55.384 INFO  ;nioEventLoopGroup-2-1	>>checkSum:f<>f
05-06 17:55:55.386 INFO  ;nioEventLoopGroup-2-1	ParamDownload response >>24 24 00 16 04 02 57 2C 68 F7 57 2C 6A 2B 11 01 00 00 05 DC 08 0F 
05-06 17:55:55.410 INFO  ;nioEventLoopGroup-2-1	>>checkSum:ffffffde<>ffffffde
05-06 17:55:55.411 INFO  ;nioEventLoopGroup-2-1	Heartbeat response >>24 24 00 11 03 02 57 2C 68 F7 57 2C 6A 2B 11 01 DE 
05-06 17:55:55.411 INFO  ;nioEventLoopGroup-2-1	Started HeartBeatTask ......
05-06 17:55:55.463 INFO  ;nioEventLoopGroup-2-1	>>checkSum:ffffffde<>ffffffde
05-06 17:55:55.464 INFO  ;nioEventLoopGroup-2-1	Heartbeat response >>24 24 00 11 03 02 57 2C 68 F7 57 2C 6A 2B 11 01 DE 
05-06 17:55:55.464 INFO  ;nioEventLoopGroup-2-1	Started HeartBeatTask ......
05-06 17:56:25.465 INFO  ;nioEventLoopGroup-2-1	>>checkSum:3d<>3d
05-06 17:56:25.465 INFO  ;nioEventLoopGroup-2-1	Heartbeat response >>24 24 00 11 03 02 57 2C 69 15 57 2C 6A 2B 11 01 3D 
05-06 17:56:25.466 INFO  ;nioEventLoopGroup-2-1	Started HeartBeatTask ......
05-06 17:56:55.464 INFO  ;nioEventLoopGroup-2-1	>>checkSum:1b<>1b
05-06 17:56:55.464 INFO  ;nioEventLoopGroup-2-1	Heartbeat response >>24 24 00 11 03 02 57 2C 69 33 57 2C 6A 2B 11 01 1B 
05-06 17:56:55.465 INFO  ;nioEventLoopGroup-2-1	Started HeartBeatTask ......
05-06 17:57:25.464 INFO  ;nioEventLoopGroup-2-1	>>checkSum:79<>79
05-06 17:57:25.464 INFO  ;nioEventLoopGroup-2-1	Heartbeat response >>24 24 00 11 03 02 57 2C 69 51 57 2C 6A 2B 11 01 79 
05-06 17:57:25.465 INFO  ;nioEventLoopGroup-2-1	Started HeartBeatTask ......
05-06 17:57:55.464 INFO  ;nioEventLoopGroup-2-1	>>checkSum:47<>47
05-06 17:57:55.464 INFO  ;nioEventLoopGroup-2-1	Heartbeat response >>24 24 00 11 03 02 57 2C 69 6F 57 2C 6A 2B 11 01 47 
05-06 17:57:55.465 INFO  ;nioEventLoopGroup-2-1	Started HeartBeatTask ......
05-06 17:58:25.464 INFO  ;nioEventLoopGroup-2-1	>>checkSum:ffffffa5<>ffffffa5
05-06 17:58:25.464 INFO  ;nioEventLoopGroup-2-1	Heartbeat response >>24 24 00 11 03 02 57 2C 69 8D 57 2C 6A 2B 11 01 A5 
05-06 17:58:25.464 INFO  ;nioEventLoopGroup-2-1	Started HeartBeatTask ......
05-06 17:58:55.464 INFO  ;nioEventLoopGroup-2-1	>>checkSum:ffffff83<>ffffff83
05-06 17:58:55.464 INFO  ;nioEventLoopGroup-2-1	Heartbeat response >>24 24 00 11 03 02 57 2C 69 AB 57 2C 6A 2B 11 01 83 
05-06 17:58:55.464 INFO  ;nioEventLoopGroup-2-1	Started HeartBeatTask ......
05-06 17:59:25.464 INFO  ;nioEventLoopGroup-2-1	>>checkSum:ffffffe1<>ffffffe1
05-06 17:59:25.464 INFO  ;nioEventLoopGroup-2-1	Heartbeat response >>24 24 00 11 03 02 57 2C 69 C9 57 2C 6A 2B 11 01 E1 
05-06 17:59:25.464 INFO  ;nioEventLoopGroup-2-1	Started HeartBeatTask ......
05-06 17:59:55.464 INFO  ;nioEventLoopGroup-2-1	>>checkSum:ffffffcf<>ffffffcf
05-06 17:59:55.464 INFO  ;nioEventLoopGroup-2-1	Heartbeat response >>24 24 00 11 03 02 57 2C 69 E7 57 2C 6A 2B 11 01 CF 
05-06 17:59:55.464 INFO  ;nioEventLoopGroup-2-1	Started HeartBeatTask ......
05-06 18:00:25.463 INFO  ;nioEventLoopGroup-2-1	>>checkSum:2e<>2e
05-06 18:00:25.465 INFO  ;nioEventLoopGroup-2-1	Heartbeat response >>24 24 00 11 03 02 57 2C 6A 05 57 2C 6A 2B 11 01 2E 
05-06 18:00:25.465 INFO  ;nioEventLoopGroup-2-1	Started HeartBeatTask ......
05-06 18:00:55.464 INFO  ;nioEventLoopGroup-2-1	>>checkSum:8<>8
05-06 18:00:55.464 INFO  ;nioEventLoopGroup-2-1	Heartbeat response >>24 24 00 11 03 02 57 2C 6A 23 57 2C 6A 2B 11 01 08 
05-06 18:00:55.465 INFO  ;nioEventLoopGroup-2-1	Started HeartBeatTask ......
05-06 18:01:25.464 INFO  ;nioEventLoopGroup-2-1	>>checkSum:6a<>6a
05-06 18:01:25.464 INFO  ;nioEventLoopGroup-2-1	Heartbeat response >>24 24 00 11 03 02 57 2C 6A 41 57 2C 6A 2B 11 01 6A 
05-06 18:01:25.464 INFO  ;nioEventLoopGroup-2-1	Started HeartBeatTask ......
05-06 18:01:55.464 INFO  ;nioEventLoopGroup-2-1	>>checkSum:74<>74
05-06 18:01:55.464 INFO  ;nioEventLoopGroup-2-1	Heartbeat response >>24 24 00 11 03 02 57 2C 6A 5F 57 2C 6A 2B 11 01 74 
05-06 18:01:55.464 INFO  ;nioEventLoopGroup-2-1	Started HeartBeatTask ......
05-06 18:02:25.464 INFO  ;nioEventLoopGroup-2-1	>>checkSum:56<>56
05-06 18:02:25.464 INFO  ;nioEventLoopGroup-2-1	Heartbeat response >>24 24 00 11 03 02 57 2C 6A 7D 57 2C 6A 2B 11 01 56 
05-06 18:02:25.464 INFO  ;nioEventLoopGroup-2-1	Started HeartBeatTask ......
05-06 18:02:55.464 INFO  ;nioEventLoopGroup-2-1	>>checkSum:ffffffb0<>ffffffb0
05-06 18:02:55.465 INFO  ;nioEventLoopGroup-2-1	Heartbeat response >>24 24 00 11 03 02 57 2C 6A 9B 57 2C 6A 2B 11 01 B0 
05-06 18:02:55.465 INFO  ;nioEventLoopGroup-2-1	Started HeartBeatTask ......
05-06 18:03:25.464 INFO  ;nioEventLoopGroup-2-1	>>checkSum:ffffff92<>ffffff92
05-06 18:03:25.464 INFO  ;nioEventLoopGroup-2-1	Heartbeat response >>24 24 00 11 03 02 57 2C 6A B9 57 2C 6A 2B 11 01 92 
05-06 18:03:25.465 INFO  ;nioEventLoopGroup-2-1	Started HeartBeatTask ......
05-06 18:03:55.464 INFO  ;nioEventLoopGroup-2-1	>>checkSum:fffffffc<>fffffffc
05-06 18:03:55.464 INFO  ;nioEventLoopGroup-2-1	Heartbeat response >>24 24 00 11 03 02 57 2C 6A D7 57 2C 6A 2B 11 01 FC 
05-06 18:03:55.464 INFO  ;nioEventLoopGroup-2-1	Started HeartBeatTask ......
05-06 18:04:25.464 INFO  ;nioEventLoopGroup-2-1	>>checkSum:ffffffde<>ffffffde
05-06 18:04:25.464 INFO  ;nioEventLoopGroup-2-1	Heartbeat response >>24 24 00 11 03 02 57 2C 6A F5 57 2C 6A 2B 11 01 DE 
05-06 18:04:25.464 INFO  ;nioEventLoopGroup-2-1	Started HeartBeatTask ......
05-06 18:04:55.463 INFO  ;nioEventLoopGroup-2-1	>>checkSum:39<>39
05-06 18:04:55.463 INFO  ;nioEventLoopGroup-2-1	Heartbeat response >>24 24 00 11 03 02 57 2C 6B 13 57 2C 6A 2B 11 01 39 
05-06 18:04:55.464 INFO  ;nioEventLoopGroup-2-1	Started HeartBeatTask ......
05-06 18:05:25.464 INFO  ;nioEventLoopGroup-2-1	>>checkSum:1b<>1b
05-06 18:05:25.464 INFO  ;nioEventLoopGroup-2-1	Heartbeat response >>24 24 00 11 03 02 57 2C 6B 31 57 2C 6A 2B 11 01 1B 
05-06 18:05:25.465 INFO  ;nioEventLoopGroup-2-1	Started HeartBeatTask ......
05-06 18:05:55.463 INFO  ;nioEventLoopGroup-2-1	>>checkSum:65<>65
05-06 18:05:55.463 INFO  ;nioEventLoopGroup-2-1	Heartbeat response >>24 24 00 11 03 02 57 2C 6B 4F 57 2C 6A 2B 11 01 65 
05-06 18:05:55.464 INFO  ;nioEventLoopGroup-2-1	Started HeartBeatTask ......
05-06 18:06:25.464 INFO  ;nioEventLoopGroup-2-1	>>checkSum:47<>47
05-06 18:06:25.464 INFO  ;nioEventLoopGroup-2-1	Heartbeat response >>24 24 00 11 03 02 57 2C 6B 6D 57 2C 6A 2B 11 01 47 
05-06 18:06:25.464 INFO  ;nioEventLoopGroup-2-1	Started HeartBeatTask ......
05-06 18:06:55.464 INFO  ;nioEventLoopGroup-2-1	>>checkSum:ffffffa1<>ffffffa1
05-06 18:06:55.464 INFO  ;nioEventLoopGroup-2-1	Heartbeat response >>24 24 00 11 03 02 57 2C 6B 8B 57 2C 6A 2B 11 01 A1 
05-06 18:06:55.464 INFO  ;nioEventLoopGroup-2-1	Started HeartBeatTask ......
05-06 18:07:25.463 INFO  ;nioEventLoopGroup-2-1	>>checkSum:ffffff83<>ffffff83
05-06 18:07:25.464 INFO  ;nioEventLoopGroup-2-1	Heartbeat response >>24 24 00 11 03 02 57 2C 6B A9 57 2C 6A 2B 11 01 83 
05-06 18:07:25.464 INFO  ;nioEventLoopGroup-2-1	Started HeartBeatTask ......
05-06 18:07:55.464 INFO  ;nioEventLoopGroup-2-1	>>checkSum:ffffffed<>ffffffed
05-06 18:07:55.464 INFO  ;nioEventLoopGroup-2-1	Heartbeat response >>24 24 00 11 03 02 57 2C 6B C7 57 2C 6A 2B 11 01 ED 
05-06 18:07:55.464 INFO  ;nioEventLoopGroup-2-1	Started HeartBeatTask ......
